Using pre-set license
Built from '2022.3/staging' branch; Version is '2022.3.14f1 (eff2de9070d8) revision 15725278'; Using compiler version '192829333'; Build Type 'Release'
OS: 'Windows 10  (10.0.19044) 64bit Core' Language: 'en' Physical Memory: 16136 MB
BatchMode: 1, IsHumanControllingUs: 0, StartBugReporterOnCrash: 0, Is64bit: 1, IsPro: 1

COMMAND LINE ARGUMENTS:
C:\Program Files\Unity\Hub\Editor\2022.3.14f1\Editor\Unity.exe
-adb2
-batchMode
-noUpm
-name
AssetImportWorker4
-projectPath
C:/Users/Daniel/Documents/GitHub/PurrKurr/PurrKurr
-logFile
Logs/AssetImportWorker4.log
-srvPort
59091
Successfully changed project path to: C:/Users/Daniel/Documents/GitHub/PurrKurr/PurrKurr
C:/Users/Daniel/Documents/GitHub/PurrKurr/PurrKurr
[UnityMemory] Configuration Parameters - Can be set up in boot.config
    "memorysetup-bucket-allocator-granularity=16"
    "memorysetup-bucket-allocator-bucket-count=8"
    "memorysetup-bucket-allocator-block-size=33554432"
    "memorysetup-bucket-allocator-block-count=8"
    "memorysetup-main-allocator-block-size=16777216"
    "memorysetup-thread-allocator-block-size=16777216"
    "memorysetup-gfx-main-allocator-block-size=16777216"
    "memorysetup-gfx-thread-allocator-block-size=16777216"
    "memorysetup-cache-allocator-block-size=4194304"
    "memorysetup-typetree-allocator-block-size=2097152"
    "memorysetup-profiler-bucket-allocator-granularity=16"
    "memorysetup-profiler-bucket-allocator-bucket-count=8"
    "memorysetup-profiler-bucket-allocator-block-size=33554432"
    "memorysetup-profiler-bucket-allocator-block-count=8"
    "memorysetup-profiler-allocator-block-size=16777216"
    "memorysetup-profiler-editor-allocator-block-size=1048576"
    "memorysetup-temp-allocator-size-main=16777216"
    "memorysetup-job-temp-allocator-block-size=2097152"
    "memorysetup-job-temp-allocator-block-size-background=1048576"
    "memorysetup-job-temp-allocator-reduction-small-platforms=262144"
    "memorysetup-allocator-temp-initial-block-size-main=262144"
    "memorysetup-allocator-temp-initial-block-size-worker=262144"
    "memorysetup-temp-allocator-size-background-worker=32768"
    "memorysetup-temp-allocator-size-job-worker=262144"
    "memorysetup-temp-allocator-size-preload-manager=33554432"
    "memorysetup-temp-allocator-size-nav-mesh-worker=65536"
    "memorysetup-temp-allocator-size-audio-worker=65536"
    "memorysetup-temp-allocator-size-cloud-worker=32768"
    "memorysetup-temp-allocator-size-gi-baking-worker=262144"
    "memorysetup-temp-allocator-size-gfx=262144"
Player connection [29492] Host "[IP] 10.100.102.24 [Port] 0 [Flags] 2 [Guid] 3951215880 [EditorId] 3951215880 [Version] 1048832 [Id] WindowsEditor(7,DESKTOP-TFK1IOO) [Debug] 1 [PackageName] WindowsEditor [ProjectName] Editor" joined multi-casting on [225.0.0.222:54997]...

Player connection [29492] Host "[IP] 10.100.102.24 [Port] 0 [Flags] 2 [Guid] 3951215880 [EditorId] 3951215880 [Version] 1048832 [Id] WindowsEditor(7,DESKTOP-TFK1IOO) [Debug] 1 [PackageName] WindowsEditor [ProjectName] Editor" joined alternative multi-casting on [225.0.0.222:34997]...

[Physics::Module] Initialized MultithreadedJobDispatcher with 7 workers.
Refreshing native plugins compatible for Editor in 28.57 ms, found 1 plugins.
Preloading 0 native plugins for Editor in 0.00 ms.
Initialize engine version: 2022.3.14f1 (eff2de9070d8)
[Subsystems] Discovering subsystems at path C:/Program Files/Unity/Hub/Editor/2022.3.14f1/Editor/Data/Resources/UnitySubsystems
[Subsystems] Discovering subsystems at path C:/Users/Daniel/Documents/GitHub/PurrKurr/PurrKurr/Assets
GfxDevice: creating device client; threaded=0; jobified=0
Direct3D:
    Version:  Direct3D 11.0 [level 11.1]
    Renderer: AMD Radeon HD 8750M (ID=0x6600)
    Vendor:   ATI
    VRAM:     2027 MB
    Driver:   15.200.1050.0
Initialize mono
Mono path[0] = 'C:/Program Files/Unity/Hub/Editor/2022.3.14f1/Editor/Data/Managed'
Mono path[1] = 'C:/Program Files/Unity/Hub/Editor/2022.3.14f1/Editor/Data/MonoBleedingEdge/lib/mono/unityjit-win32'
Mono config path = 'C:/Program Files/Unity/Hub/Editor/2022.3.14f1/Editor/Data/MonoBleedingEdge/etc'
Using monoOptions --debugger-agent=transport=dt_socket,embedding=1,server=y,suspend=n,address=127.0.0.1:56960
Begin MonoManager ReloadAssembly
Registering precompiled unity dll's ...
Register platform support module: C:/Program Files/Unity/Hub/Editor/2022.3.14f1/Editor/Data/PlaybackEngines/AndroidPlayer/UnityEditor.Android.Extensions.dll
Register platform support module: C:/Program Files/Unity/Hub/Editor/2022.3.14f1/Editor/Data/PlaybackEngines/WindowsStandaloneSupport/UnityEditor.WindowsStandalone.Extensions.dll
Registered in 0.027928 seconds.
- Loaded All Assemblies, in  0.772 seconds
Native extension for WindowsStandalone target not found
Native extension for Android target not found
Android Extension - Scanning For ADB Devices 539 ms
Mono: successfully reloaded assembly
- Finished resetting the current domain, in  1.225 seconds
Domain Reload Profiling: 1992ms
	BeginReloadAssembly (252ms)
		ExecutionOrderSort (0ms)
		DisableScriptedObjects (0ms)
		BackupInstance (0ms)
		ReleaseScriptingObjects (0ms)
		CreateAndSetChildDomain (1ms)
	RebuildCommonClasses (70ms)
	RebuildNativeTypeToScriptingClass (21ms)
	initialDomainReloadingComplete (142ms)
	LoadAllAssembliesAndSetupDomain (281ms)
		LoadAssemblies (248ms)
		RebuildTransferFunctionScriptingTraits (0ms)
		AnalyzeDomain (276ms)
			TypeCache.Refresh (274ms)
				TypeCache.ScanAssembly (250ms)
			ScanForSourceGeneratedMonoScriptInfo (1ms)
			ResolveRequiredComponents (1ms)
	FinalizeReload (1226ms)
		ReleaseScriptCaches (0ms)
		RebuildScriptCaches (0ms)
		SetupLoadedEditorAssemblies (1109ms)
			LogAssemblyErrors (0ms)
			InitializePlatformSupportModulesInManaged (785ms)
			SetLoadedEditorAssemblies (7ms)
			RefreshPlugins (0ms)
			BeforeProcessingInitializeOnLoad (5ms)
			ProcessInitializeOnLoadAttributes (199ms)
			ProcessInitializeOnLoadMethodAttributes (113ms)
			AfterProcessingInitializeOnLoad (0ms)
			EditorAssembliesLoaded (0ms)
		ExecutionOrderSort2 (0ms)
		AwakeInstancesAfterBackupRestoration (0ms)
========================================================================
Worker process is ready to serve import requests
Begin MonoManager ReloadAssembly
- Loaded All Assemblies, in  1.099 seconds
Refreshing native plugins compatible for Editor in 5.76 ms, found 1 plugins.
Native extension for WindowsStandalone target not found
Native extension for Android target not found
Mono: successfully reloaded assembly
- Finished resetting the current domain, in  1.029 seconds
Domain Reload Profiling: 2118ms
	BeginReloadAssembly (325ms)
		ExecutionOrderSort (0ms)
		DisableScriptedObjects (11ms)
		BackupInstance (0ms)
		ReleaseScriptingObjects (0ms)
		CreateAndSetChildDomain (50ms)
	RebuildCommonClasses (64ms)
	RebuildNativeTypeToScriptingClass (21ms)
	initialDomainReloadingComplete (83ms)
	LoadAllAssembliesAndSetupDomain (595ms)
		LoadAssemblies (563ms)
		RebuildTransferFunctionScriptingTraits (0ms)
		AnalyzeDomain (223ms)
			TypeCache.Refresh (168ms)
				TypeCache.ScanAssembly (135ms)
			ScanForSourceGeneratedMonoScriptInfo (47ms)
			ResolveRequiredComponents (7ms)
	FinalizeReload (1030ms)
		ReleaseScriptCaches (0ms)
		RebuildScriptCaches (0ms)
		SetupLoadedEditorAssemblies (686ms)
			LogAssemblyErrors (0ms)
			InitializePlatformSupportModulesInManaged (56ms)
			SetLoadedEditorAssemblies (7ms)
			RefreshPlugins (0ms)
			BeforeProcessingInitializeOnLoad (166ms)
			ProcessInitializeOnLoadAttributes (330ms)
			ProcessInitializeOnLoadMethodAttributes (102ms)
			AfterProcessingInitializeOnLoad (25ms)
			EditorAssembliesLoaded (1ms)
		ExecutionOrderSort2 (0ms)
		AwakeInstancesAfterBackupRestoration (14ms)
Launched and connected shader compiler UnityShaderCompiler.exe after 0.07 seconds
Refreshing native plugins compatible for Editor in 8.01 ms, found 1 plugins.
Preloading 0 native plugins for Editor in 0.00 ms.
Unloading 2265 Unused Serialized files (Serialized files now loaded: 0)
Unloading 46 unused Assets / (54.7 KB). Loaded Objects now: 2743.
Memory consumption went from 121.2 MB to 121.1 MB.
Total: 7.764100 ms (FindLiveObjects: 0.412700 ms CreateObjectMapping: 0.216700 ms MarkObjects: 6.972700 ms  DeleteObjects: 0.159900 ms)

AssetImportParameters requested are different than current active one (requested -> active):
  custom:video-decoder-webm-vp8: 9c59270c3fd7afecdb556c50c9e8de78 -> 
  custom:SearchIndexIgnoredProperties: e643bd26f0fe6173181afceb89e7c659 -> 
  custom:container-demuxer-ogg: 62fdf1f143b41e24485cea50d1cbac27 -> 
  custom:AudioImporter_EditorPlatform: d09bf68614088b80899f8185d706f6e7 -> 
  custom:video-codec-MediaFoundation-h265: 746d11721c4dcdbdad8f713fa42b33f4 -> 
  custom:video-decoder-ogg-theora: a1e56fd34408186e4bbccfd4996cb3dc -> 
  custom:framework-win-MediaFoundation: 216162199b28c13a410421893ffa2e32 -> 
  custom:video-encoder-webm-vp8: eb34c28f22e8b96e1ab97ce403110664 -> 
  custom:audio-decoder-ogg-vorbis: bf7c407c2cedff20999df2af8eb42d56 -> 
  custom:CustomObjectIndexerAttribute: 756ad292c208cfabdd7b50bc23989ffe -> 
  custom:container-demuxer-webm: 4f35f7cbe854078d1ac9338744f61a02 -> 
  custom:audio-encoder-webm-vorbis: bf7c407c2cedff20999df2af8eb42d56 -> 
  custom:container-muxer-webm: aa71ff27fc2769a1b78a27578f13a17b -> 
========================================================================
Received Import Request.
  Time since last request: 1725981.803926 seconds.
  path: Assets/Graphics/Art/Common/Popup/frame_big_round_square_gold.png
  artifactKey: Guid(67e471b6d17092443a6e17bd798f5cdf) Importer(815301076,1909f56bfc062723c751e8b465ee728b)
Start importing Assets/Graphics/Art/Common/Popup/frame_big_round_square_gold.png using Guid(67e471b6d17092443a6e17bd798f5cdf) Importer(815301076,1909f56bfc062723c751e8b465ee728b)  -> (artifact id: '249ef8473c2098ca7617c37e504fbda5') in 0.211351 seconds
Number of updated asset objects reloaded before import = 0
Number of asset objects unloaded after import = 3
========================================================================
Received Import Request.
  Time since last request: 0.149045 seconds.
  path: Assets/Graphics/Art/Common/Joystick/Pointer Arrow Small blue.png
  artifactKey: Guid(b011945343f27f1479d297e656d7a608) Importer(815301076,1909f56bfc062723c751e8b465ee728b)
Start importing Assets/Graphics/Art/Common/Joystick/Pointer Arrow Small blue.png using Guid(b011945343f27f1479d297e656d7a608) Importer(815301076,1909f56bfc062723c751e8b465ee728b)  -> (artifact id: '48662a62db992ca767ee03fe5761b9a6') in 0.057528 seconds
Number of updated asset objects reloaded before import = 0
Number of asset objects unloaded after import = 3
========================================================================
Received Import Request.
  Time since last request: 11.081842 seconds.
  path: Assets/Graphics/Art/Common/Profile/frame_circle.png
  artifactKey: Guid(d77e86cfacb56a743b6f31817f1238d1) Importer(815301076,1909f56bfc062723c751e8b465ee728b)
Start importing Assets/Graphics/Art/Common/Profile/frame_circle.png using Guid(d77e86cfacb56a743b6f31817f1238d1) Importer(815301076,1909f56bfc062723c751e8b465ee728b)  -> (artifact id: '8faa59ce7b2ba997fa3de2d7c1d21ecc') in 0.074871 seconds
Number of updated asset objects reloaded before import = 0
Number of asset objects unloaded after import = 3
========================================================================
Received Import Request.
  Time since last request: 0.000032 seconds.
  path: Assets/Graphics/Art/Common/Profile/frame_circle_2.png
  artifactKey: Guid(654c2fa8c1692364cb9acb03593f7d48) Importer(815301076,1909f56bfc062723c751e8b465ee728b)
Start importing Assets/Graphics/Art/Common/Profile/frame_circle_2.png using Guid(654c2fa8c1692364cb9acb03593f7d48) Importer(815301076,1909f56bfc062723c751e8b465ee728b)  -> (artifact id: 'd3f4a0e829541cdbcccce891d5d59850') in 0.062792 seconds
Number of updated asset objects reloaded before import = 0
Number of asset objects unloaded after import = 3
========================================================================
Received Import Request.
  Time since last request: 9.695615 seconds.
  path: Assets/Graphics/Art/Common/Effects/Particles/Particles_many.png
  artifactKey: Guid(a33ffc3de076e9f408b12c0912a2b282) Importer(815301076,1909f56bfc062723c751e8b465ee728b)
Start importing Assets/Graphics/Art/Common/Effects/Particles/Particles_many.png using Guid(a33ffc3de076e9f408b12c0912a2b282) Importer(815301076,1909f56bfc062723c751e8b465ee728b)  -> (artifact id: '347db6b0a5d13f71ff49b045e7a08c24') in 0.092193 seconds
Number of updated asset objects reloaded before import = 0
Number of asset objects unloaded after import = 3
========================================================================
Received Import Request.
  Time since last request: 0.020238 seconds.
  path: Assets/Graphics/Art/Common/Patterns/patten_animal_scales.png
  artifactKey: Guid(ce202c3828c17754fb4bb7ad3acf3463) Importer(815301076,1909f56bfc062723c751e8b465ee728b)
Start importing Assets/Graphics/Art/Common/Patterns/patten_animal_scales.png using Guid(ce202c3828c17754fb4bb7ad3acf3463) Importer(815301076,1909f56bfc062723c751e8b465ee728b)  -> (artifact id: 'f8d5b51d24c5b3136222f1b0efac35ef') in 0.117201 seconds
Number of updated asset objects reloaded before import = 0
Number of asset objects unloaded after import = 3
========================================================================
Received Import Request.
  Time since last request: 0.000265 seconds.
  path: Assets/Graphics/Art/Common/Icons/Symbols/scratchClaw.png
  artifactKey: Guid(60979e934baaecf4499c6bdd9ee6c6a9) Importer(815301076,1909f56bfc062723c751e8b465ee728b)
Start importing Assets/Graphics/Art/Common/Icons/Symbols/scratchClaw.png using Guid(60979e934baaecf4499c6bdd9ee6c6a9) Importer(815301076,1909f56bfc062723c751e8b465ee728b)  -> (artifact id: '282fafd2c3b803f831fc8553f3b09c13') in 0.141947 seconds
Number of updated asset objects reloaded before import = 0
Number of asset objects unloaded after import = 3
========================================================================
Received Import Request.
  Time since last request: 0.000034 seconds.
  path: Assets/Graphics/Art/Common/Icons/Symbols/ropeCursor.png
  artifactKey: Guid(d96290eb599d86d4facbab6fb83c4731) Importer(815301076,1909f56bfc062723c751e8b465ee728b)
Start importing Assets/Graphics/Art/Common/Icons/Symbols/ropeCursor.png using Guid(d96290eb599d86d4facbab6fb83c4731) Importer(815301076,1909f56bfc062723c751e8b465ee728b)  -> (artifact id: 'd4d69c34f513cd1b5627bc008c6c2004') in 0.099253 seconds
Number of updated asset objects reloaded before import = 0
Number of asset objects unloaded after import = 3
========================================================================
Received Import Request.
  Time since last request: 0.000045 seconds.
  path: Assets/Graphics/Art/Common/Icons/Symbols/search.png
  artifactKey: Guid(ff5ad24517794af43b0159640f458756) Importer(815301076,1909f56bfc062723c751e8b465ee728b)
Start importing Assets/Graphics/Art/Common/Icons/Symbols/search.png using Guid(ff5ad24517794af43b0159640f458756) Importer(815301076,1909f56bfc062723c751e8b465ee728b)  -> (artifact id: '6b987409166e0d28334ec23f9c95f7cd') in 0.091854 seconds
Number of updated asset objects reloaded before import = 0
Number of asset objects unloaded after import = 3
========================================================================
Received Import Request.
  Time since last request: 0.000032 seconds.
  path: Assets/Graphics/Art/Common/Profile/profile_small_level_placeholder.png
  artifactKey: Guid(ec986c93a558d1b43bc2ad4cce9396d9) Importer(815301076,1909f56bfc062723c751e8b465ee728b)
Start importing Assets/Graphics/Art/Common/Profile/profile_small_level_placeholder.png using Guid(ec986c93a558d1b43bc2ad4cce9396d9) Importer(815301076,1909f56bfc062723c751e8b465ee728b)  -> (artifact id: '7e312ebaa6ced8cf82086c0dd970eb41') in 0.064533 seconds
Number of updated asset objects reloaded before import = 0
Number of asset objects unloaded after import = 3
========================================================================
Received Import Request.
  Time since last request: 0.000032 seconds.
  path: Assets/Graphics/Art/Common/Joystick/Pointer-Slice.png
  artifactKey: Guid(762e3d459d800574b96a5b007072ec67) Importer(815301076,1909f56bfc062723c751e8b465ee728b)
Start importing Assets/Graphics/Art/Common/Joystick/Pointer-Slice.png using Guid(762e3d459d800574b96a5b007072ec67) Importer(815301076,1909f56bfc062723c751e8b465ee728b)  -> (artifact id: '83518b766ed2ea88359f5f5b85dbb19e') in 0.099275 seconds
Number of updated asset objects reloaded before import = 0
Number of asset objects unloaded after import = 3
========================================================================
Received Import Request.
  Time since last request: 0.000041 seconds.
  path: Assets/Graphics/Art/Refs/Screenshot_20231211_192556_Alien Invasion.jpg
  artifactKey: Guid(cffa3cdff30f51c40ba7b6bfbe95ee10) Importer(815301076,1909f56bfc062723c751e8b465ee728b)
Start importing Assets/Graphics/Art/Refs/Screenshot_20231211_192556_Alien Invasion.jpg using Guid(cffa3cdff30f51c40ba7b6bfbe95ee10) Importer(815301076,1909f56bfc062723c751e8b465ee728b)  -> (artifact id: '6739e47f2556219ae4d00a08c54ef531') in 0.111555 seconds
Number of updated asset objects reloaded before import = 0
Number of asset objects unloaded after import = 3
========================================================================
Received Import Request.
  Time since last request: 0.001850 seconds.
  path: Assets/Graphics/Art/Common/Profile/profile_level_placeholder.png
  artifactKey: Guid(e79cd8a509448114c8dcc722ddcf39d2) Importer(815301076,1909f56bfc062723c751e8b465ee728b)
Start importing Assets/Graphics/Art/Common/Profile/profile_level_placeholder.png using Guid(e79cd8a509448114c8dcc722ddcf39d2) Importer(815301076,1909f56bfc062723c751e8b465ee728b)  -> (artifact id: 'd277317c34a6c78ed7b0d2c86445eeac') in 0.075995 seconds
Number of updated asset objects reloaded before import = 0
Number of asset objects unloaded after import = 3
Editor requested this worker to shutdown with reason: Scaling down because of idle timeout
TcpMessagingSession - receive error: operation aborted. errorcode: 995, details: The I/O operation has been aborted because of either a thread exit or an application request.
AssetImportWorker is now disconnected from the server
Process exiting
Exiting without the bug reporter. Application will terminate with return code 0